2025-08-15 11:46:48,056 INFO unknown_categorical_value feature=gender value=
2025-08-15 11:46:48,057 INFO unknown_categorical_value feature=smoker value=
2025-08-15 11:46:48,057 INFO unknown_categorical_value feature=family_history value=
2025-08-15 11:46:48,057 INFO unknown_categorical_value feature=physical_activity value=
2025-08-15 11:46:48,057 INFO unknown_categorical_value feature=diet value=
2025-08-15 11:46:48,068 INFO prediction proba=0.0967 pred=0
2025-08-15 11:57:00,359 INFO unknown_categorical_value feature=gender value=
2025-08-15 11:57:00,359 INFO unknown_categorical_value feature=smoker value=
2025-08-15 11:57:00,359 INFO unknown_categorical_value feature=family_history value=
2025-08-15 11:57:00,359 INFO unknown_categorical_value feature=physical_activity value=
2025-08-15 11:57:00,359 INFO unknown_categorical_value feature=diet value=
2025-08-15 11:57:22,765 INFO unknown_categorical_value feature=gender value=
2025-08-15 11:57:22,766 INFO unknown_categorical_value feature=smoker value=
2025-08-15 11:57:22,766 INFO unknown_categorical_value feature=family_history value=
2025-08-15 11:57:22,766 INFO unknown_categorical_value feature=physical_activity value=
2025-08-15 11:57:22,766 INFO unknown_categorical_value feature=diet value=
2025-08-15 11:57:22,772 INFO prediction proba=0.0000 pred=0
2025-08-15 11:59:33,560 INFO unknown_categorical_value feature=gender value=
2025-08-15 11:59:33,560 INFO unknown_categorical_value feature=smoker value=
2025-08-15 11:59:33,560 INFO unknown_categorical_value feature=family_history value=
2025-08-15 11:59:33,560 INFO unknown_categorical_value feature=physical_activity value=
2025-08-15 11:59:33,560 INFO unknown_categorical_value feature=diet value=
2025-08-15 11:59:33,563 INFO prediction proba=0.0000 pred=0
2025-08-15 12:00:19,904 INFO unknown_categorical_value feature=gender value=
2025-08-15 12:00:19,904 INFO unknown_categorical_value feature=smoker value=
2025-08-15 12:00:19,904 INFO unknown_categorical_value feature=family_history value=
2025-08-15 12:00:19,904 INFO unknown_categorical_value feature=physical_activity value=
2025-08-15 12:00:19,904 INFO unknown_categorical_value feature=diet value=
2025-08-15 12:00:19,908 INFO prediction proba=0.0000 pred=0
2025-08-15 12:00:44,568 INFO unknown_categorical_value feature=smoker value=
2025-08-15 12:00:44,568 INFO unknown_categorical_value feature=family_history value=
2025-08-15 12:00:44,568 INFO unknown_categorical_value feature=diet value=
2025-08-15 12:00:44,570 INFO prediction proba=0.0000 pred=0
